{
  "stats": {
    "suites": 7,
    "tests": 14,
    "passes": 14,
    "pending": 0,
    "failures": 0,
    "start": "2023-06-17T16:46:59.471Z",
    "end": "2023-06-17T16:47:01.158Z",
    "duration": 1687,
    "testsRegistered": 14,
    "passPercent": 100,
    "pendingPercent": 0,
    "other": 0,
    "hasOther": false,
    "skipped": 0,
    "hasSkipped": false
  },
  "results": [
    {
      "uuid": "c3acb216-3021-45db-968c-d48f27d6a245",
      "title": "",
      "fullFile": "",
      "file": "",
      "beforeHooks": [],
      "afterHooks": [],
      "tests": [],
      "suites": [
        {
          "uuid": "c963ab79-2d88-4f27-8890-474f1c3beb51",
          "title": "Registration",
          "fullFile": "E:\\Bootcamp Quality Assurance Automation\\Tugas 4 - API Automation\\test\\suite\\kasirAja.js",
          "file": "\\test\\suite\\kasirAja.js",
          "beforeHooks": [],
          "afterHooks": [],
          "tests": [
            {
              "title": "valid registration",
              "fullTitle": "Registration valid registration",
              "timedOut": false,
              "duration": 445,
              "state": "passed",
              "speed": "slow",
              "pass": true,
              "fail": false,
              "pending": false,
              "context": null,
              "code": "const response = await request\n                .post(\"/registration\")\n                .send({\n                    \"name\":userDataRegis.USER_DATA_REGIS.name,\n                    \"email\":userDataRegis.USER_DATA_REGIS.email,\n                    \"password\":userDataRegis.USER_DATA_REGIS.password\n                });\n//assert\nexpect(await response.status).to.eql(201);\nexpect(await response.body.message).to.eql(\"Toko berhasil didaftarkan\")\nexpect(await response.body.data.name).to.eql(userDataRegis.USER_DATA_REGIS.name);\nexpect(await response.body.data.email).to.eql(userDataRegis.USER_DATA_REGIS.email);\n// console.log(response)",
              "err": {},
              "uuid": "f5e06f03-5ce3-44e7-b6aa-7456d684ffed",
              "parentUUID": "c963ab79-2d88-4f27-8890-474f1c3beb51",
              "isHook": false,
              "skipped": false
            },
            {
              "title": "invalid registration",
              "fullTitle": "Registration invalid registration",
              "timedOut": false,
              "duration": 77,
              "state": "passed",
              "speed": "slow",
              "pass": true,
              "fail": false,
              "pending": false,
              "context": null,
              "code": "const data = {\n    name:\"\",\n    email:\"test@mail.com\",\n    password:\"test\"\n};   \nconst response = await request\n                .post(\"/registration\")\n                .send({\n                    \"name\":data.name,\n                    \"email\":data.email,\n                    \"password\":data.password\n                });\n//assert\nexpect(await response.status).to.eql(400);\nexpect(await response.body.message).to.eql(\"\\\"name\\\" is not allowed to be empty\")\n// console.log(response)",
              "err": {},
              "uuid": "7443e395-af80-4dce-8477-e059759c16f3",
              "parentUUID": "c963ab79-2d88-4f27-8890-474f1c3beb51",
              "isHook": false,
              "skipped": false
            }
          ],
          "suites": [],
          "passes": [
            "f5e06f03-5ce3-44e7-b6aa-7456d684ffed",
            "7443e395-af80-4dce-8477-e059759c16f3"
          ],
          "failures": [],
          "pending": [],
          "skipped": [],
          "duration": 522,
          "root": false,
          "rootEmpty": false,
          "_timeout": 2000
        },
        {
          "uuid": "a5193dae-ac5a-427f-9497-bbfdbb1226c2",
          "title": "Login",
          "fullFile": "E:\\Bootcamp Quality Assurance Automation\\Tugas 4 - API Automation\\test\\suite\\kasirAja.js",
          "file": "\\test\\suite\\kasirAja.js",
          "beforeHooks": [],
          "afterHooks": [],
          "tests": [
            {
              "title": "valid login",
              "fullTitle": "Login valid login",
              "timedOut": false,
              "duration": 387,
              "state": "passed",
              "speed": "slow",
              "pass": true,
              "fail": false,
              "pending": false,
              "context": null,
              "code": "const data = {\n    \"email\":userDataLogin.USER_DATA_LOGIN.email,\n    \"password\":userDataLogin.USER_DATA_LOGIN.password\n} \nconst response = await request\n                .post(\"/authentications\")\n                .send(data)\n                // console.log(response)\n//assert\nexpect(await response.status).to.eql(201);\nexpect(await response.body.message).to.eql(\"Authentication berhasil ditambahkan\")\nexpect(await response.body.data.accessToken).not.to.be.null;\ntoken = response.body.data.accessToken\nreturn token\n// console.log(response)",
              "err": {},
              "uuid": "24f00b04-e975-463b-8121-a342a7e73b42",
              "parentUUID": "a5193dae-ac5a-427f-9497-bbfdbb1226c2",
              "isHook": false,
              "skipped": false
            },
            {
              "title": "invalid login",
              "fullTitle": "Login invalid login",
              "timedOut": false,
              "duration": 68,
              "state": "passed",
              "speed": "medium",
              "pass": true,
              "fail": false,
              "pending": false,
              "context": null,
              "code": "const data = {\n    email:\"\",\n    password:\"test\"\n};   \nconst response = await request\n                .post(\"/authentications\")\n                .send({\n                    \"email\":data.email,\n                    \"password\":data.password\n                });\n//assert\nexpect(await response.status).to.eql(400);\nexpect(await response.body.message).to.eql(\"\\\"email\\\" is not allowed to be empty\")\n// console.log(response)",
              "err": {},
              "uuid": "9f8b85de-76fe-4d6b-9ee0-bbe4fc082eca",
              "parentUUID": "a5193dae-ac5a-427f-9497-bbfdbb1226c2",
              "isHook": false,
              "skipped": false
            }
          ],
          "suites": [],
          "passes": [
            "24f00b04-e975-463b-8121-a342a7e73b42",
            "9f8b85de-76fe-4d6b-9ee0-bbe4fc082eca"
          ],
          "failures": [],
          "pending": [],
          "skipped": [],
          "duration": 455,
          "root": false,
          "rootEmpty": false,
          "_timeout": 2000
        },
        {
          "uuid": "44a65355-7f31-4ba3-9220-1807bf4d2128",
          "title": "Add Unit",
          "fullFile": "E:\\Bootcamp Quality Assurance Automation\\Tugas 4 - API Automation\\test\\suite\\kasirAja.js",
          "file": "\\test\\suite\\kasirAja.js",
          "beforeHooks": [],
          "afterHooks": [],
          "tests": [
            {
              "title": "valid add unit",
              "fullTitle": "Add Unit valid add unit",
              "timedOut": false,
              "duration": 69,
              "state": "passed",
              "speed": "medium",
              "pass": true,
              "fail": false,
              "pending": false,
              "context": null,
              "code": "const response = await request\n                .post(\"/units\")\n                .send({\n                    \"name\":userDataUnit.USER_DATA_ADD_UNIT.name,\n                    \"description\":userDataUnit.USER_DATA_ADD_UNIT.description\n                })\n                .set({\n                    Authorization: `Bearer ${token}`\n                })\n                // console.log(response)\nexpect(await response.status).to.be.eql(201);\nexpect(await response.body.data.unitId).not.to.be.null;\nunitId = response.body.data.unitId\nreturn unitId",
              "err": {},
              "uuid": "dcb2036f-f2e6-46bb-a86d-af386055ad5f",
              "parentUUID": "44a65355-7f31-4ba3-9220-1807bf4d2128",
              "isHook": false,
              "skipped": false
            },
            {
              "title": "invalid add unit",
              "fullTitle": "Add Unit invalid add unit",
              "timedOut": false,
              "duration": 65,
              "state": "passed",
              "speed": "medium",
              "pass": true,
              "fail": false,
              "pending": false,
              "context": null,
              "code": "const response = await request\n                .post(\"/units\")\n                .send({\n                    \"name\":userDataUnit.USER_DATA_ADD_UNIT.name,\n                    \"description\":userDataUnit.USER_DATA_ADD_UNIT.description\n                })\n                // console.log(response)\nexpect(await response.status).to.be.eql(401);\nexpect(await response.body.message).to.be.eql(\"Missing authentication\")",
              "err": {},
              "uuid": "9e99f35e-8715-4730-8e8c-fd91ece8638b",
              "parentUUID": "44a65355-7f31-4ba3-9220-1807bf4d2128",
              "isHook": false,
              "skipped": false
            }
          ],
          "suites": [],
          "passes": [
            "dcb2036f-f2e6-46bb-a86d-af386055ad5f",
            "9e99f35e-8715-4730-8e8c-fd91ece8638b"
          ],
          "failures": [],
          "pending": [],
          "skipped": [],
          "duration": 134,
          "root": false,
          "rootEmpty": false,
          "_timeout": 2000
        },
        {
          "uuid": "0821fa6b-e714-417e-a5b4-6c4c275d5db2",
          "title": "Get Unit Detail",
          "fullFile": "E:\\Bootcamp Quality Assurance Automation\\Tugas 4 - API Automation\\test\\suite\\kasirAja.js",
          "file": "\\test\\suite\\kasirAja.js",
          "beforeHooks": [],
          "afterHooks": [],
          "tests": [
            {
              "title": "valid get unit detail",
              "fullTitle": "Get Unit Detail valid get unit detail",
              "timedOut": false,
              "duration": 67,
              "state": "passed",
              "speed": "medium",
              "pass": true,
              "fail": false,
              "pending": false,
              "context": null,
              "code": "const response = await request\n                .get(`/units/${unitId}`)\n                .set({\n                    Authorization: `Bearer ${token}`\n                })\n                // console.log(response)\nexpect(await response.status).to.be.eql(200);\nexpect(await response.body.message).is.not.null;",
              "err": {},
              "uuid": "1dd4e890-0bc6-40b0-a338-7a81372d6e1f",
              "parentUUID": "0821fa6b-e714-417e-a5b4-6c4c275d5db2",
              "isHook": false,
              "skipped": false
            },
            {
              "title": "invalid get unit detail",
              "fullTitle": "Get Unit Detail invalid get unit detail",
              "timedOut": false,
              "duration": 67,
              "state": "passed",
              "speed": "medium",
              "pass": true,
              "fail": false,
              "pending": false,
              "context": null,
              "code": "const response = await request\n                .get(`/units/${unitId}`)\n                // console.log(response)\nexpect(await response.status).to.be.eql(401);\nexpect(await response.body.message).to.be.eql(\"Missing authentication\")",
              "err": {},
              "uuid": "dfd8c55a-4381-471b-8c74-6fdd5f5d3eda",
              "parentUUID": "0821fa6b-e714-417e-a5b4-6c4c275d5db2",
              "isHook": false,
              "skipped": false
            }
          ],
          "suites": [],
          "passes": [
            "1dd4e890-0bc6-40b0-a338-7a81372d6e1f",
            "dfd8c55a-4381-471b-8c74-6fdd5f5d3eda"
          ],
          "failures": [],
          "pending": [],
          "skipped": [],
          "duration": 134,
          "root": false,
          "rootEmpty": false,
          "_timeout": 2000
        },
        {
          "uuid": "86cffef0-9d38-428d-92d8-8dc28f1d8c98",
          "title": "Get Unit List",
          "fullFile": "E:\\Bootcamp Quality Assurance Automation\\Tugas 4 - API Automation\\test\\suite\\kasirAja.js",
          "file": "\\test\\suite\\kasirAja.js",
          "beforeHooks": [],
          "afterHooks": [],
          "tests": [
            {
              "title": "valid get unit list",
              "fullTitle": "Get Unit List valid get unit list",
              "timedOut": false,
              "duration": 77,
              "state": "passed",
              "speed": "slow",
              "pass": true,
              "fail": false,
              "pending": false,
              "context": null,
              "code": "const response = await request\n                .get('/units')\n                .set({\n                    Authorization: `Bearer ${token}`\n                })\n                // console.log(response)\nexpect(await response.status).to.be.eql(200);\nexpect(await response.body.message).is.not.null;",
              "err": {},
              "uuid": "b01850c9-e2aa-480d-a5a9-9a4e63059df4",
              "parentUUID": "86cffef0-9d38-428d-92d8-8dc28f1d8c98",
              "isHook": false,
              "skipped": false
            },
            {
              "title": "invalid get unit list",
              "fullTitle": "Get Unit List invalid get unit list",
              "timedOut": false,
              "duration": 66,
              "state": "passed",
              "speed": "medium",
              "pass": true,
              "fail": false,
              "pending": false,
              "context": null,
              "code": "const response = await request\n                .get(\"/units\")\n                // console.log(response)\nexpect(await response.status).to.be.eql(401);\nexpect(await response.body.message).to.be.eql(\"Missing authentication\")",
              "err": {},
              "uuid": "f5f77231-7b23-4eea-b285-f77f32102e55",
              "parentUUID": "86cffef0-9d38-428d-92d8-8dc28f1d8c98",
              "isHook": false,
              "skipped": false
            }
          ],
          "suites": [],
          "passes": [
            "b01850c9-e2aa-480d-a5a9-9a4e63059df4",
            "f5f77231-7b23-4eea-b285-f77f32102e55"
          ],
          "failures": [],
          "pending": [],
          "skipped": [],
          "duration": 143,
          "root": false,
          "rootEmpty": false,
          "_timeout": 2000
        },
        {
          "uuid": "a00e6fb6-100b-489d-8dac-33e877a3a324",
          "title": "Update Unit",
          "fullFile": "E:\\Bootcamp Quality Assurance Automation\\Tugas 4 - API Automation\\test\\suite\\kasirAja.js",
          "file": "\\test\\suite\\kasirAja.js",
          "beforeHooks": [],
          "afterHooks": [],
          "tests": [
            {
              "title": "valid put update unit",
              "fullTitle": "Update Unit valid put update unit",
              "timedOut": false,
              "duration": 70,
              "state": "passed",
              "speed": "medium",
              "pass": true,
              "fail": false,
              "pending": false,
              "context": null,
              "code": "const response = await request\n                .put(`/units/${unitId}`)\n                .send({\n                    \"name\":updateData.name,\n                    \"description\":updateData.description\n                })\n                .set({\n                    Authorization: `Bearer ${token}`\n                })\n                // console.log(response)\nexpect(await response.status).to.be.eql(200);\nexpect(await response.body.message).is.not.null;",
              "err": {},
              "uuid": "2540cb5e-103f-4ddd-a45e-b767aa340d40",
              "parentUUID": "a00e6fb6-100b-489d-8dac-33e877a3a324",
              "isHook": false,
              "skipped": false
            },
            {
              "title": "invalid put update unit",
              "fullTitle": "Update Unit invalid put update unit",
              "timedOut": false,
              "duration": 72,
              "state": "passed",
              "speed": "medium",
              "pass": true,
              "fail": false,
              "pending": false,
              "context": null,
              "code": "const response = await request\n                .put(`/units/${unitId}`)\n                .send({\n                    \"name\":updateData.name,\n                    \"description\":updateData.description\n                })\n                // console.log(response)\nexpect(await response.status).to.be.eql(401);\nexpect(await response.body.message).to.be.eql(\"Missing authentication\")",
              "err": {},
              "uuid": "822d3efd-0720-4890-a1f6-7ce2050be4f0",
              "parentUUID": "a00e6fb6-100b-489d-8dac-33e877a3a324",
              "isHook": false,
              "skipped": false
            }
          ],
          "suites": [],
          "passes": [
            "2540cb5e-103f-4ddd-a45e-b767aa340d40",
            "822d3efd-0720-4890-a1f6-7ce2050be4f0"
          ],
          "failures": [],
          "pending": [],
          "skipped": [],
          "duration": 142,
          "root": false,
          "rootEmpty": false,
          "_timeout": 2000
        },
        {
          "uuid": "43f94077-5358-4825-a29c-8198970c09f5",
          "title": "Delete Unit",
          "fullFile": "E:\\Bootcamp Quality Assurance Automation\\Tugas 4 - API Automation\\test\\suite\\kasirAja.js",
          "file": "\\test\\suite\\kasirAja.js",
          "beforeHooks": [],
          "afterHooks": [],
          "tests": [
            {
              "title": "valid del delete unit",
              "fullTitle": "Delete Unit valid del delete unit",
              "timedOut": false,
              "duration": 64,
              "state": "passed",
              "speed": "medium",
              "pass": true,
              "fail": false,
              "pending": false,
              "context": null,
              "code": "const response = await request\n                .del(`/units/${unitId}`)\n                .set({\n                    Authorization: `Bearer ${token}`\n                })\n                // console.log(response)\nexpect(await response.status).to.be.eql(200);\nexpect(await response.body.message).is.not.null;",
              "err": {},
              "uuid": "6643c2ea-d963-4d1b-bca6-7a62bedf7000",
              "parentUUID": "43f94077-5358-4825-a29c-8198970c09f5",
              "isHook": false,
              "skipped": false
            },
            {
              "title": "invalid put delete unit",
              "fullTitle": "Delete Unit invalid put delete unit",
              "timedOut": false,
              "duration": 62,
              "state": "passed",
              "speed": "medium",
              "pass": true,
              "fail": false,
              "pending": false,
              "context": null,
              "code": "const response = await request\n                .del(`/units/${unitId}`)\n                // console.log(response)\nexpect(await response.status).to.be.eql(401);\nexpect(await response.body.message).to.be.eql(\"Missing authentication\")",
              "err": {},
              "uuid": "710c330a-92e9-4d46-8602-45ad98641725",
              "parentUUID": "43f94077-5358-4825-a29c-8198970c09f5",
              "isHook": false,
              "skipped": false
            }
          ],
          "suites": [],
          "passes": [
            "6643c2ea-d963-4d1b-bca6-7a62bedf7000",
            "710c330a-92e9-4d46-8602-45ad98641725"
          ],
          "failures": [],
          "pending": [],
          "skipped": [],
          "duration": 126,
          "root": false,
          "rootEmpty": false,
          "_timeout": 2000
        }
      ],
      "passes": [],
      "failures": [],
      "pending": [],
      "skipped": [],
      "duration": 0,
      "root": true,
      "rootEmpty": true,
      "_timeout": 2000
    }
  ],
  "meta": {
    "mocha": {
      "version": "10.2.0"
    },
    "mochawesome": {
      "options": {
        "quiet": false,
        "reportFilename": "mochawesome",
        "saveHtml": true,
        "saveJson": true,
        "consoleReporter": "spec",
        "useInlineDiffs": false,
        "code": true
      },
      "version": "7.1.3"
    },
    "marge": {
      "options": null,
      "version": "6.2.0"
    }
  }
}